<?xml version="1.0" encoding="UTF-8"?>
<testsuite xmlns:xsi="http://www.w3.org/2001/XMLSchema-instance" xsi:noNamespaceSchemaLocation="https://maven.apache.org/surefire/maven-surefire-plugin/xsd/surefire-test-report-3.0.xsd" version="3.0" name="ua.lviv.iot.Lab5Test" time="0.196" tests="5" errors="0" skipped="0" failures="0">
  <properties>
    <property name="java.specification.version" value="17"/>
    <property name="sun.jnu.encoding" value="UTF-8"/>
    <property name="java.class.path" value="/home/volodymyr/javaLearning/Java project/work/target/test-classes:/home/volodymyr/javaLearning/Java project/work/target/classes:/home/volodymyr/.m2/repository/org/projectlombok/lombok/1.18.26/lombok-1.18.26.jar:/home/volodymyr/.m2/repository/junit/junit/4.13.2/junit-4.13.2.jar:/home/volodymyr/.m2/repository/org/hamcrest/hamcrest-core/1.3/hamcrest-core-1.3.jar:/home/volodymyr/.m2/repository/org/junit/vintage/junit-vintage-engine/5.9.2/junit-vintage-engine-5.9.2.jar:/home/volodymyr/.m2/repository/org/junit/platform/junit-platform-engine/1.9.2/junit-platform-engine-1.9.2.jar:/home/volodymyr/.m2/repository/org/opentest4j/opentest4j/1.2.0/opentest4j-1.2.0.jar:/home/volodymyr/.m2/repository/org/junit/platform/junit-platform-commons/1.9.2/junit-platform-commons-1.9.2.jar:/home/volodymyr/.m2/repository/org/apiguardian/apiguardian-api/1.1.2/apiguardian-api-1.1.2.jar:/home/volodymyr/.m2/repository/org/jacoco/jacoco-maven-plugin/0.8.9/jacoco-maven-plugin-0.8.9.jar:/home/volodymyr/.m2/repository/org/codehaus/plexus/plexus-utils/3.0.24/plexus-utils-3.0.24.jar:/home/volodymyr/.m2/repository/org/apache/maven/shared/file-management/1.2.1/file-management-1.2.1.jar:/home/volodymyr/.m2/repository/org/apache/maven/shared/maven-shared-io/1.1/maven-shared-io-1.1.jar:/home/volodymyr/.m2/repository/org/apache/maven/maven-artifact-manager/2.0.2/maven-artifact-manager-2.0.2.jar:/home/volodymyr/.m2/repository/org/apache/maven/wagon/wagon-provider-api/1.0-alpha-6/wagon-provider-api-1.0-alpha-6.jar:/home/volodymyr/.m2/repository/org/apache/maven/reporting/maven-reporting-api/3.0/maven-reporting-api-3.0.jar:/home/volodymyr/.m2/repository/org/jacoco/org.jacoco.agent/0.8.9/org.jacoco.agent-0.8.9-runtime.jar:/home/volodymyr/.m2/repository/org/jacoco/org.jacoco.core/0.8.9/org.jacoco.core-0.8.9.jar:/home/volodymyr/.m2/repository/org/jacoco/org.jacoco.report/0.8.9/org.jacoco.report-0.8.9.jar:/home/volodymyr/.m2/repository/org/junit/jupiter/junit-jupiter-engine/5.9.2/junit-jupiter-engine-5.9.2.jar:/home/volodymyr/.m2/repository/org/junit/jupiter/junit-jupiter-api/5.9.2/junit-jupiter-api-5.9.2.jar:/home/volodymyr/.m2/repository/com/github/spotbugs/spotbugs-maven-plugin/4.4.2.2/spotbugs-maven-plugin-4.4.2.2.jar:/home/volodymyr/.m2/repository/com/github/spotbugs/spotbugs/4.4.2/spotbugs-4.4.2.jar:/home/volodymyr/.m2/repository/org/apache/bcel/bcel/6.5.0/bcel-6.5.0.jar:/home/volodymyr/.m2/repository/net/jcip/jcip-annotations/1.0/jcip-annotations-1.0.jar:/home/volodymyr/.m2/repository/org/dom4j/dom4j/2.1.3/dom4j-2.1.3.jar:/home/volodymyr/.m2/repository/org/apache/commons/commons-text/1.9/commons-text-1.9.jar:/home/volodymyr/.m2/repository/com/github/spotbugs/spotbugs-annotations/4.4.2/spotbugs-annotations-4.4.2.jar:/home/volodymyr/.m2/repository/com/google/code/findbugs/jsr305/3.0.2/jsr305-3.0.2.jar:/home/volodymyr/.m2/repository/com/google/code/gson/gson/2.8.8/gson-2.8.8.jar:/home/volodymyr/.m2/repository/jaxen/jaxen/1.2.0/jaxen-1.2.0.jar:/home/volodymyr/.m2/repository/net/sf/saxon/Saxon-HE/10.6/Saxon-HE-10.6.jar:/home/volodymyr/.m2/repository/org/slf4j/jcl-over-slf4j/2.0.0-alpha5/jcl-over-slf4j-2.0.0-alpha5.jar:/home/volodymyr/.m2/repository/org/slf4j/slf4j-simple/2.0.0-alpha5/slf4j-simple-2.0.0-alpha5.jar:/home/volodymyr/.m2/repository/org/apache/ant/ant/1.10.12/ant-1.10.12.jar:/home/volodymyr/.m2/repository/org/apache/ant/ant-launcher/1.10.12/ant-launcher-1.10.12.jar:/home/volodymyr/.m2/repository/org/codehaus/groovy/groovy/3.0.9/groovy-3.0.9-indy.jar:/home/volodymyr/.m2/repository/org/codehaus/groovy/groovy-ant/3.0.9/groovy-ant-3.0.9-indy.jar:/home/volodymyr/.m2/repository/org/codehaus/groovy/groovy-dateutil/3.0.9/groovy-dateutil-3.0.9-indy.jar:/home/volodymyr/.m2/repository/org/codehaus/groovy/groovy-docgenerator/3.0.9/groovy-docgenerator-3.0.9-indy.jar:/home/volodymyr/.m2/repository/com/thoughtworks/qdox/qdox/1.12.1/qdox-1.12.1.jar:/home/volodymyr/.m2/repository/org/codehaus/groovy/groovy-groovydoc/3.0.9/groovy-groovydoc-3.0.9-indy.jar:/home/volodymyr/.m2/repository/com/github/javaparser/javaparser-core/3.23.0/javaparser-core-3.23.0.jar:/home/volodymyr/.m2/repository/org/codehaus/groovy/groovy-templates/3.0.9/groovy-templates-3.0.9-indy.jar:/home/volodymyr/.m2/repository/org/codehaus/groovy/groovy-xml/3.0.9/groovy-xml-3.0.9-indy.jar:/home/volodymyr/.m2/repository/org/codehaus/groovy/groovy-json/3.0.9/groovy-json-3.0.9-indy.jar:/home/volodymyr/.m2/repository/org/apache/maven/reporting/maven-reporting-impl/3.0.0/maven-reporting-impl-3.0.0.jar:/home/volodymyr/.m2/repository/org/apache/maven/maven-plugin-api/3.8.3/maven-plugin-api-3.8.3.jar:/home/volodymyr/.m2/repository/org/apache/maven/maven-model/3.8.3/maven-model-3.8.3.jar:/home/volodymyr/.m2/repository/org/eclipse/sisu/org.eclipse.sisu.plexus/0.3.5/org.eclipse.sisu.plexus-0.3.5.jar:/home/volodymyr/.m2/repository/javax/annotation/javax.annotation-api/1.2/javax.annotation-api-1.2.jar:/home/volodymyr/.m2/repository/org/codehaus/plexus/plexus-classworlds/2.6.0/plexus-classworlds-2.6.0.jar:/home/volodymyr/.m2/repository/org/apache/maven/maven-artifact/3.8.3/maven-artifact-3.8.3.jar:/home/volodymyr/.m2/repository/org/apache/maven/shared/maven-artifact-transfer/0.13.1/maven-artifact-transfer-0.13.1.jar:/home/volodymyr/.m2/repository/org/apache/maven/shared/maven-common-artifact-filters/3.2.0/maven-common-artifact-filters-3.2.0.jar:/home/volodymyr/.m2/repository/org/eclipse/aether/aether-api/0.9.0.M2/aether-api-0.9.0.M2.jar:/home/volodymyr/.m2/repository/org/eclipse/aether/aether-util/0.9.0.M2/aether-util-0.9.0.M2.jar:/home/volodymyr/.m2/repository/org/apache/maven/maven-core/3.8.3/maven-core-3.8.3.jar:/home/volodymyr/.m2/repository/org/apache/maven/maven-settings/3.8.3/maven-settings-3.8.3.jar:/home/volodymyr/.m2/repository/org/apache/maven/maven-settings-builder/3.8.3/maven-settings-builder-3.8.3.jar:/home/volodymyr/.m2/repository/org/codehaus/plexus/plexus-sec-dispatcher/2.0/plexus-sec-dispatcher-2.0.jar:/home/volodymyr/.m2/repository/org/codehaus/plexus/plexus-cipher/2.0/plexus-cipher-2.0.jar:/home/volodymyr/.m2/repository/org/apache/maven/maven-builder-support/3.8.3/maven-builder-support-3.8.3.jar:/home/volodymyr/.m2/repository/org/apache/maven/maven-repository-metadata/3.8.3/maven-repository-metadata-3.8.3.jar:/home/volodymyr/.m2/repository/org/apache/maven/maven-model-builder/3.8.3/maven-model-builder-3.8.3.jar:/home/volodymyr/.m2/repository/org/apache/maven/maven-resolver-provider/3.8.3/maven-resolver-provider-3.8.3.jar:/home/volodymyr/.m2/repository/org/apache/maven/resolver/maven-resolver-impl/1.6.3/maven-resolver-impl-1.6.3.jar:/home/volodymyr/.m2/repository/org/apache/maven/resolver/maven-resolver-api/1.6.3/maven-resolver-api-1.6.3.jar:/home/volodymyr/.m2/repository/org/apache/maven/resolver/maven-resolver-spi/1.6.3/maven-resolver-spi-1.6.3.jar:/home/volodymyr/.m2/repository/org/apache/maven/resolver/maven-resolver-util/1.6.3/maven-resolver-util-1.6.3.jar:/home/volodymyr/.m2/repository/org/eclipse/sisu/org.eclipse.sisu.inject/0.3.5/org.eclipse.sisu.inject-0.3.5.jar:/home/volodymyr/.m2/repository/com/google/inject/guice/4.2.2/guice-4.2.2-no_aop.jar:/home/volodymyr/.m2/repository/aopalliance/aopalliance/1.0/aopalliance-1.0.jar:/home/volodymyr/.m2/repository/com/google/guava/guava/25.1-android/guava-25.1-android.jar:/home/volodymyr/.m2/repository/org/checkerframework/checker-compat-qual/2.0.0/checker-compat-qual-2.0.0.jar:/home/volodymyr/.m2/repository/com/google/errorprone/error_prone_annotations/2.1.3/error_prone_annotations-2.1.3.jar:/home/volodymyr/.m2/repository/com/google/j2objc/j2objc-annotations/1.1/j2objc-annotations-1.1.jar:/home/volodymyr/.m2/repository/org/codehaus/mojo/animal-sniffer-annotations/1.14/animal-sniffer-annotations-1.14.jar:/home/volodymyr/.m2/repository/javax/inject/javax.inject/1/javax.inject-1.jar:/home/volodymyr/.m2/repository/org/codehaus/plexus/plexus-interpolation/1.26/plexus-interpolation-1.26.jar:/home/volodymyr/.m2/repository/org/apache/maven/shared/maven-shared-utils/3.3.4/maven-shared-utils-3.3.4.jar:/home/volodymyr/.m2/repository/org/apache/maven/doxia/doxia-core/1.10/doxia-core-1.10.jar:/home/volodymyr/.m2/repository/org/apache/httpcomponents/httpclient/4.5.13/httpclient-4.5.13.jar:/home/volodymyr/.m2/repository/org/apache/httpcomponents/httpcore/4.4.14/httpcore-4.4.14.jar:/home/volodymyr/.m2/repository/org/apache/maven/doxia/doxia-sink-api/1.10/doxia-sink-api-1.10.jar:/home/volodymyr/.m2/repository/org/apache/maven/doxia/doxia-decoration-model/1.10/doxia-decoration-model-1.10.jar:/home/volodymyr/.m2/repository/org/apache/maven/doxia/doxia-integration-tools/1.10/doxia-integration-tools-1.10.jar:/home/volodymyr/.m2/repository/commons-beanutils/commons-beanutils/1.9.4/commons-beanutils-1.9.4.jar:/home/volodymyr/.m2/repository/commons-chain/commons-chain/1.2/commons-chain-1.2.jar:/home/volodymyr/.m2/repository/commons-codec/commons-codec/1.15/commons-codec-1.15.jar:/home/volodymyr/.m2/repository/commons-collections/commons-collections/3.2.2/commons-collections-3.2.2.jar:/home/volodymyr/.m2/repository/commons-digester/commons-digester/2.1/commons-digester-2.1.jar:/home/volodymyr/.m2/repository/commons-io/commons-io/2.11.0/commons-io-2.11.0.jar:/home/volodymyr/.m2/repository/commons-lang/commons-lang/2.6/commons-lang-2.6.jar:/home/volodymyr/.m2/repository/org/apache/commons/commons-lang3/3.12.0/commons-lang3-3.12.0.jar:/home/volodymyr/.m2/repository/org/codehaus/plexus/plexus-container-default/2.1.0/plexus-container-default-2.1.0.jar:/home/volodymyr/.m2/repository/org/apache/xbean/xbean-reflect/3.7/xbean-reflect-3.7.jar:/home/volodymyr/.m2/repository/org/codehaus/plexus/plexus-resources/1.2.0/plexus-resources-1.2.0.jar:/home/volodymyr/.m2/repository/org/slf4j/slf4j-api/2.0.0-alpha5/slf4j-api-2.0.0-alpha5.jar:/home/volodymyr/.m2/repository/org/ow2/asm/asm/9.2/asm-9.2.jar:/home/volodymyr/.m2/repository/org/ow2/asm/asm-analysis/9.2/asm-analysis-9.2.jar:/home/volodymyr/.m2/repository/org/ow2/asm/asm-commons/9.2/asm-commons-9.2.jar:/home/volodymyr/.m2/repository/org/ow2/asm/asm-tree/9.2/asm-tree-9.2.jar:/home/volodymyr/.m2/repository/org/ow2/asm/asm-util/9.2/asm-util-9.2.jar:/home/volodymyr/.m2/repository/org/apache/maven/plugins/maven-site-plugin/3.12.1/maven-site-plugin-3.12.1.jar:/home/volodymyr/.m2/repository/org/apache/maven/reporting/maven-reporting-exec/1.6.0/maven-reporting-exec-1.6.0.jar:/home/volodymyr/.m2/repository/org/apache/maven/maven-archiver/3.5.2/maven-archiver-3.5.2.jar:/home/volodymyr/.m2/repository/org/apache/commons/commons-compress/1.20/commons-compress-1.20.jar:/home/volodymyr/.m2/repository/org/codehaus/plexus/plexus-archiver/4.2.7/plexus-archiver-4.2.7.jar:/home/volodymyr/.m2/repository/org/codehaus/plexus/plexus-io/3.2.0/plexus-io-3.2.0.jar:/home/volodymyr/.m2/repository/org/iq80/snappy/snappy/0.4/snappy-0.4.jar:/home/volodymyr/.m2/repository/org/tukaani/xz/1.9/xz-1.9.jar:/home/volodymyr/.m2/repository/org/codehaus/plexus/plexus-i18n/1.0-beta-10/plexus-i18n-1.0-beta-10.jar:/home/volodymyr/.m2/repository/org/apache/maven/doxia/doxia-module-xhtml/1.11.1/doxia-module-xhtml-1.11.1.jar:/home/volodymyr/.m2/repository/org/apache/maven/doxia/doxia-module-xhtml5/1.11.1/doxia-module-xhtml5-1.11.1.jar:/home/volodymyr/.m2/repository/org/apache/maven/doxia/doxia-module-apt/1.11.1/doxia-module-apt-1.11.1.jar:/home/volodymyr/.m2/repository/org/apache/maven/doxia/doxia-module-xdoc/1.11.1/doxia-module-xdoc-1.11.1.jar:/home/volodymyr/.m2/repository/org/apache/maven/doxia/doxia-module-fml/1.11.1/doxia-module-fml-1.11.1.jar:/home/volodymyr/.m2/repository/org/apache/maven/doxia/doxia-module-markdown/1.11.1/doxia-module-markdown-1.11.1.jar:/home/volodymyr/.m2/repository/com/vladsch/flexmark/flexmark-all/0.42.14/flexmark-all-0.42.14.jar:/home/volodymyr/.m2/repository/com/vladsch/flexmark/flexmark/0.42.14/flexmark-0.42.14.jar:/home/volodymyr/.m2/repository/com/vladsch/flexmark/flexmark-ext-abbreviation/0.42.14/flexmark-ext-abbreviation-0.42.14.jar:/home/volodymyr/.m2/repository/com/vladsch/flexmark/flexmark-ext-admonition/0.42.14/flexmark-ext-admonition-0.42.14.jar:/home/volodymyr/.m2/repository/com/vladsch/flexmark/flexmark-ext-anchorlink/0.42.14/flexmark-ext-anchorlink-0.42.14.jar:/home/volodymyr/.m2/repository/com/vladsch/flexmark/flexmark-ext-aside/0.42.14/flexmark-ext-aside-0.42.14.jar:/home/volodymyr/.m2/repository/com/vladsch/flexmark/flexmark-ext-attributes/0.42.14/flexmark-ext-attributes-0.42.14.jar:/home/volodymyr/.m2/repository/com/vladsch/flexmark/flexmark-ext-autolink/0.42.14/flexmark-ext-autolink-0.42.14.jar:/home/volodymyr/.m2/repository/org/nibor/autolink/autolink/0.6.0/autolink-0.6.0.jar:/home/volodymyr/.m2/repository/com/vladsch/flexmark/flexmark-ext-definition/0.42.14/flexmark-ext-definition-0.42.14.jar:/home/volodymyr/.m2/repository/com/vladsch/flexmark/flexmark-ext-emoji/0.42.14/flexmark-ext-emoji-0.42.14.jar:/home/volodymyr/.m2/repository/com/vladsch/flexmark/flexmark-ext-enumerated-reference/0.42.14/flexmark-ext-enumerated-reference-0.42.14.jar:/home/volodymyr/.m2/repository/com/vladsch/flexmark/flexmark-ext-escaped-character/0.42.14/flexmark-ext-escaped-character-0.42.14.jar:/home/volodymyr/.m2/repository/com/vladsch/flexmark/flexmark-ext-footnotes/0.42.14/flexmark-ext-footnotes-0.42.14.jar:/home/volodymyr/.m2/repository/com/vladsch/flexmark/flexmark-ext-gfm-issues/0.42.14/flexmark-ext-gfm-issues-0.42.14.jar:/home/volodymyr/.m2/repository/com/vladsch/flexmark/flexmark-ext-gfm-strikethrough/0.42.14/flexmark-ext-gfm-strikethrough-0.42.14.jar:/home/volodymyr/.m2/repository/com/vladsch/flexmark/flexmark-ext-gfm-tables/0.42.14/flexmark-ext-gfm-tables-0.42.14.jar:/home/volodymyr/.m2/repository/com/vladsch/flexmark/flexmark-ext-gfm-tasklist/0.42.14/flexmark-ext-gfm-tasklist-0.42.14.jar:/home/volodymyr/.m2/repository/com/vladsch/flexmark/flexmark-ext-gfm-users/0.42.14/flexmark-ext-gfm-users-0.42.14.jar:/home/volodymyr/.m2/repository/com/vladsch/flexmark/flexmark-ext-gitlab/0.42.14/flexmark-ext-gitlab-0.42.14.jar:/home/volodymyr/.m2/repository/com/vladsch/flexmark/flexmark-ext-jekyll-front-matter/0.42.14/flexmark-ext-jekyll-front-matter-0.42.14.jar:/home/volodymyr/.m2/repository/com/vladsch/flexmark/flexmark-ext-jekyll-tag/0.42.14/flexmark-ext-jekyll-tag-0.42.14.jar:/home/volodymyr/.m2/repository/com/vladsch/flexmark/flexmark-ext-media-tags/0.42.14/flexmark-ext-media-tags-0.42.14.jar:/home/volodymyr/.m2/repository/com/vladsch/flexmark/flexmark-ext-macros/0.42.14/flexmark-ext-macros-0.42.14.jar:/home/volodymyr/.m2/repository/com/vladsch/flexmark/flexmark-ext-ins/0.42.14/flexmark-ext-ins-0.42.14.jar:/home/volodymyr/.m2/repository/com/vladsch/flexmark/flexmark-ext-xwiki-macros/0.42.14/flexmark-ext-xwiki-macros-0.42.14.jar:/home/volodymyr/.m2/repository/com/vladsch/flexmark/flexmark-ext-superscript/0.42.14/flexmark-ext-superscript-0.42.14.jar:/home/volodymyr/.m2/repository/com/vladsch/flexmark/flexmark-ext-tables/0.42.14/flexmark-ext-tables-0.42.14.jar:/home/volodymyr/.m2/repository/com/vladsch/flexmark/flexmark-ext-toc/0.42.14/flexmark-ext-toc-0.42.14.jar:/home/volodymyr/.m2/repository/com/vladsch/flexmark/flexmark-ext-typographic/0.42.14/flexmark-ext-typographic-0.42.14.jar:/home/volodymyr/.m2/repository/com/vladsch/flexmark/flexmark-ext-wikilink/0.42.14/flexmark-ext-wikilink-0.42.14.jar:/home/volodymyr/.m2/repository/com/vladsch/flexmark/flexmark-ext-yaml-front-matter/0.42.14/flexmark-ext-yaml-front-matter-0.42.14.jar:/home/volodymyr/.m2/repository/com/vladsch/flexmark/flexmark-ext-youtube-embedded/0.42.14/flexmark-ext-youtube-embedded-0.42.14.jar:/home/volodymyr/.m2/repository/com/vladsch/flexmark/flexmark-formatter/0.42.14/flexmark-formatter-0.42.14.jar:/home/volodymyr/.m2/repository/com/vladsch/flexmark/flexmark-html-parser/0.42.14/flexmark-html-parser-0.42.14.jar:/home/volodymyr/.m2/repository/org/jsoup/jsoup/1.10.2/jsoup-1.10.2.jar:/home/volodymyr/.m2/repository/com/vladsch/flexmark/flexmark-jira-converter/0.42.14/flexmark-jira-converter-0.42.14.jar:/home/volodymyr/.m2/repository/com/vladsch/flexmark/flexmark-profile-pegdown/0.42.14/flexmark-profile-pegdown-0.42.14.jar:/home/volodymyr/.m2/repository/com/vladsch/flexmark/flexmark-util/0.42.14/flexmark-util-0.42.14.jar:/home/volodymyr/.m2/repository/com/vladsch/flexmark/flexmark-youtrack-converter/0.42.14/flexmark-youtrack-converter-0.42.14.jar:/home/volodymyr/.m2/repository/org/apache/maven/doxia/doxia-module-confluence/1.11.1/doxia-module-confluence-1.11.1.jar:/home/volodymyr/.m2/repository/org/apache/maven/doxia/doxia-module-docbook-simple/1.11.1/doxia-module-docbook-simple-1.11.1.jar:/home/volodymyr/.m2/repository/org/apache/maven/doxia/doxia-module-twiki/1.11.1/doxia-module-twiki-1.11.1.jar:/home/volodymyr/.m2/repository/org/eclipse/jetty/jetty-server/9.4.46.v20220331/jetty-server-9.4.46.v20220331.jar:/home/volodymyr/.m2/repository/javax/servlet/javax.servlet-api/3.1.0/javax.servlet-api-3.1.0.jar:/home/volodymyr/.m2/repository/org/eclipse/jetty/jetty-http/9.4.46.v20220331/jetty-http-9.4.46.v20220331.jar:/home/volodymyr/.m2/repository/org/eclipse/jetty/jetty-io/9.4.46.v20220331/jetty-io-9.4.46.v20220331.jar:/home/volodymyr/.m2/repository/org/eclipse/jetty/jetty-servlet/9.4.46.v20220331/jetty-servlet-9.4.46.v20220331.jar:/home/volodymyr/.m2/repository/org/eclipse/jetty/jetty-security/9.4.46.v20220331/jetty-security-9.4.46.v20220331.jar:/home/volodymyr/.m2/repository/org/eclipse/jetty/jetty-util-ajax/9.4.46.v20220331/jetty-util-ajax-9.4.46.v20220331.jar:/home/volodymyr/.m2/repository/org/eclipse/jetty/jetty-webapp/9.4.46.v20220331/jetty-webapp-9.4.46.v20220331.jar:/home/volodymyr/.m2/repository/org/eclipse/jetty/jetty-xml/9.4.46.v20220331/jetty-xml-9.4.46.v20220331.jar:/home/volodymyr/.m2/repository/org/eclipse/jetty/jetty-util/9.4.46.v20220331/jetty-util-9.4.46.v20220331.jar:/home/volodymyr/.m2/repository/org/apache/maven/doxia/doxia-site-renderer/1.8.1/doxia-site-renderer-1.8.1.jar:/home/volodymyr/.m2/repository/org/apache/maven/doxia/doxia-logging-api/1.8/doxia-logging-api-1.8.jar:/home/volodymyr/.m2/repository/org/apache/maven/doxia/doxia-skin-model/1.8.1/doxia-skin-model-1.8.1.jar:/home/volodymyr/.m2/repository/org/codehaus/plexus/plexus-component-annotations/1.6/plexus-component-annotations-1.6.jar:/home/volodymyr/.m2/repository/org/codehaus/plexus/plexus-velocity/1.2/plexus-velocity-1.2.jar:/home/volodymyr/.m2/repository/org/apache/velocity/velocity/1.7/velocity-1.7.jar:/home/volodymyr/.m2/repository/org/apache/velocity/velocity-tools/2.0/velocity-tools-2.0.jar:/home/volodymyr/.m2/repository/commons-logging/commons-logging/1.1/commons-logging-1.1.jar:/home/volodymyr/.m2/repository/javax/servlet/servlet-api/2.3/servlet-api-2.3.jar:/home/volodymyr/.m2/repository/commons-validator/commons-validator/1.3.1/commons-validator-1.3.1.jar:/home/volodymyr/.m2/repository/dom4j/dom4j/1.1/dom4j-1.1.jar:/home/volodymyr/.m2/repository/oro/oro/2.0.8/oro-2.0.8.jar:/home/volodymyr/.m2/repository/sslext/sslext/1.2-0/sslext-1.2-0.jar:/home/volodymyr/.m2/repository/org/apache/struts/struts-core/1.3.8/struts-core-1.3.8.jar:/home/volodymyr/.m2/repository/antlr/antlr/2.7.2/antlr-2.7.2.jar:/home/volodymyr/.m2/repository/org/apache/struts/struts-taglib/1.3.8/struts-taglib-1.3.8.jar:/home/volodymyr/.m2/repository/org/apache/struts/struts-tiles/1.3.8/struts-tiles-1.3.8.jar:"/>
    <property name="java.vm.vendor" value="Private Build"/>
    <property name="sun.arch.data.model" value="64"/>
    <property name="java.vendor.url" value="Unknown"/>
    <property name="os.name" value="Linux"/>
    <property name="java.vm.specification.version" value="17"/>
    <property name="sun.java.launcher" value="SUN_STANDARD"/>
    <property name="user.country" value="US"/>
    <property name="sun.boot.library.path" value="/usr/lib/jvm/java-17-openjdk-amd64/lib"/>
    <property name="sun.java.command" value="/home/volodymyr/javaLearning/Java project/work/target/surefire/surefirebooter8010893680003019532.jar /home/volodymyr/javaLearning/Java project/work/target/surefire 2023-05-01T11-10-39_039-jvmRun1 surefire7031327422800217081tmp surefire_018066941193847049800tmp"/>
    <property name="jdk.debug" value="release"/>
    <property name="surefire.test.class.path" value="/home/volodymyr/javaLearning/Java project/work/target/test-classes:/home/volodymyr/javaLearning/Java project/work/target/classes:/home/volodymyr/.m2/repository/org/projectlombok/lombok/1.18.26/lombok-1.18.26.jar:/home/volodymyr/.m2/repository/junit/junit/4.13.2/junit-4.13.2.jar:/home/volodymyr/.m2/repository/org/hamcrest/hamcrest-core/1.3/hamcrest-core-1.3.jar:/home/volodymyr/.m2/repository/org/junit/vintage/junit-vintage-engine/5.9.2/junit-vintage-engine-5.9.2.jar:/home/volodymyr/.m2/repository/org/junit/platform/junit-platform-engine/1.9.2/junit-platform-engine-1.9.2.jar:/home/volodymyr/.m2/repository/org/opentest4j/opentest4j/1.2.0/opentest4j-1.2.0.jar:/home/volodymyr/.m2/repository/org/junit/platform/junit-platform-commons/1.9.2/junit-platform-commons-1.9.2.jar:/home/volodymyr/.m2/repository/org/apiguardian/apiguardian-api/1.1.2/apiguardian-api-1.1.2.jar:/home/volodymyr/.m2/repository/org/jacoco/jacoco-maven-plugin/0.8.9/jacoco-maven-plugin-0.8.9.jar:/home/volodymyr/.m2/repository/org/codehaus/plexus/plexus-utils/3.0.24/plexus-utils-3.0.24.jar:/home/volodymyr/.m2/repository/org/apache/maven/shared/file-management/1.2.1/file-management-1.2.1.jar:/home/volodymyr/.m2/repository/org/apache/maven/shared/maven-shared-io/1.1/maven-shared-io-1.1.jar:/home/volodymyr/.m2/repository/org/apache/maven/maven-artifact-manager/2.0.2/maven-artifact-manager-2.0.2.jar:/home/volodymyr/.m2/repository/org/apache/maven/wagon/wagon-provider-api/1.0-alpha-6/wagon-provider-api-1.0-alpha-6.jar:/home/volodymyr/.m2/repository/org/apache/maven/reporting/maven-reporting-api/3.0/maven-reporting-api-3.0.jar:/home/volodymyr/.m2/repository/org/jacoco/org.jacoco.agent/0.8.9/org.jacoco.agent-0.8.9-runtime.jar:/home/volodymyr/.m2/repository/org/jacoco/org.jacoco.core/0.8.9/org.jacoco.core-0.8.9.jar:/home/volodymyr/.m2/repository/org/jacoco/org.jacoco.report/0.8.9/org.jacoco.report-0.8.9.jar:/home/volodymyr/.m2/repository/org/junit/jupiter/junit-jupiter-engine/5.9.2/junit-jupiter-engine-5.9.2.jar:/home/volodymyr/.m2/repository/org/junit/jupiter/junit-jupiter-api/5.9.2/junit-jupiter-api-5.9.2.jar:/home/volodymyr/.m2/repository/com/github/spotbugs/spotbugs-maven-plugin/4.4.2.2/spotbugs-maven-plugin-4.4.2.2.jar:/home/volodymyr/.m2/repository/com/github/spotbugs/spotbugs/4.4.2/spotbugs-4.4.2.jar:/home/volodymyr/.m2/repository/org/apache/bcel/bcel/6.5.0/bcel-6.5.0.jar:/home/volodymyr/.m2/repository/net/jcip/jcip-annotations/1.0/jcip-annotations-1.0.jar:/home/volodymyr/.m2/repository/org/dom4j/dom4j/2.1.3/dom4j-2.1.3.jar:/home/volodymyr/.m2/repository/org/apache/commons/commons-text/1.9/commons-text-1.9.jar:/home/volodymyr/.m2/repository/com/github/spotbugs/spotbugs-annotations/4.4.2/spotbugs-annotations-4.4.2.jar:/home/volodymyr/.m2/repository/com/google/code/findbugs/jsr305/3.0.2/jsr305-3.0.2.jar:/home/volodymyr/.m2/repository/com/google/code/gson/gson/2.8.8/gson-2.8.8.jar:/home/volodymyr/.m2/repository/jaxen/jaxen/1.2.0/jaxen-1.2.0.jar:/home/volodymyr/.m2/repository/net/sf/saxon/Saxon-HE/10.6/Saxon-HE-10.6.jar:/home/volodymyr/.m2/repository/org/slf4j/jcl-over-slf4j/2.0.0-alpha5/jcl-over-slf4j-2.0.0-alpha5.jar:/home/volodymyr/.m2/repository/org/slf4j/slf4j-simple/2.0.0-alpha5/slf4j-simple-2.0.0-alpha5.jar:/home/volodymyr/.m2/repository/org/apache/ant/ant/1.10.12/ant-1.10.12.jar:/home/volodymyr/.m2/repository/org/apache/ant/ant-launcher/1.10.12/ant-launcher-1.10.12.jar:/home/volodymyr/.m2/repository/org/codehaus/groovy/groovy/3.0.9/groovy-3.0.9-indy.jar:/home/volodymyr/.m2/repository/org/codehaus/groovy/groovy-ant/3.0.9/groovy-ant-3.0.9-indy.jar:/home/volodymyr/.m2/repository/org/codehaus/groovy/groovy-dateutil/3.0.9/groovy-dateutil-3.0.9-indy.jar:/home/volodymyr/.m2/repository/org/codehaus/groovy/groovy-docgenerator/3.0.9/groovy-docgenerator-3.0.9-indy.jar:/home/volodymyr/.m2/repository/com/thoughtworks/qdox/qdox/1.12.1/qdox-1.12.1.jar:/home/volodymyr/.m2/repository/org/codehaus/groovy/groovy-groovydoc/3.0.9/groovy-groovydoc-3.0.9-indy.jar:/home/volodymyr/.m2/repository/com/github/javaparser/javaparser-core/3.23.0/javaparser-core-3.23.0.jar:/home/volodymyr/.m2/repository/org/codehaus/groovy/groovy-templates/3.0.9/groovy-templates-3.0.9-indy.jar:/home/volodymyr/.m2/repository/org/codehaus/groovy/groovy-xml/3.0.9/groovy-xml-3.0.9-indy.jar:/home/volodymyr/.m2/repository/org/codehaus/groovy/groovy-json/3.0.9/groovy-json-3.0.9-indy.jar:/home/volodymyr/.m2/repository/org/apache/maven/reporting/maven-reporting-impl/3.0.0/maven-reporting-impl-3.0.0.jar:/home/volodymyr/.m2/repository/org/apache/maven/maven-plugin-api/3.8.3/maven-plugin-api-3.8.3.jar:/home/volodymyr/.m2/repository/org/apache/maven/maven-model/3.8.3/maven-model-3.8.3.jar:/home/volodymyr/.m2/repository/org/eclipse/sisu/org.eclipse.sisu.plexus/0.3.5/org.eclipse.sisu.plexus-0.3.5.jar:/home/volodymyr/.m2/repository/javax/annotation/javax.annotation-api/1.2/javax.annotation-api-1.2.jar:/home/volodymyr/.m2/repository/org/codehaus/plexus/plexus-classworlds/2.6.0/plexus-classworlds-2.6.0.jar:/home/volodymyr/.m2/repository/org/apache/maven/maven-artifact/3.8.3/maven-artifact-3.8.3.jar:/home/volodymyr/.m2/repository/org/apache/maven/shared/maven-artifact-transfer/0.13.1/maven-artifact-transfer-0.13.1.jar:/home/volodymyr/.m2/repository/org/apache/maven/shared/maven-common-artifact-filters/3.2.0/maven-common-artifact-filters-3.2.0.jar:/home/volodymyr/.m2/repository/org/eclipse/aether/aether-api/0.9.0.M2/aether-api-0.9.0.M2.jar:/home/volodymyr/.m2/repository/org/eclipse/aether/aether-util/0.9.0.M2/aether-util-0.9.0.M2.jar:/home/volodymyr/.m2/repository/org/apache/maven/maven-core/3.8.3/maven-core-3.8.3.jar:/home/volodymyr/.m2/repository/org/apache/maven/maven-settings/3.8.3/maven-settings-3.8.3.jar:/home/volodymyr/.m2/repository/org/apache/maven/maven-settings-builder/3.8.3/maven-settings-builder-3.8.3.jar:/home/volodymyr/.m2/repository/org/codehaus/plexus/plexus-sec-dispatcher/2.0/plexus-sec-dispatcher-2.0.jar:/home/volodymyr/.m2/repository/org/codehaus/plexus/plexus-cipher/2.0/plexus-cipher-2.0.jar:/home/volodymyr/.m2/repository/org/apache/maven/maven-builder-support/3.8.3/maven-builder-support-3.8.3.jar:/home/volodymyr/.m2/repository/org/apache/maven/maven-repository-metadata/3.8.3/maven-repository-metadata-3.8.3.jar:/home/volodymyr/.m2/repository/org/apache/maven/maven-model-builder/3.8.3/maven-model-builder-3.8.3.jar:/home/volodymyr/.m2/repository/org/apache/maven/maven-resolver-provider/3.8.3/maven-resolver-provider-3.8.3.jar:/home/volodymyr/.m2/repository/org/apache/maven/resolver/maven-resolver-impl/1.6.3/maven-resolver-impl-1.6.3.jar:/home/volodymyr/.m2/repository/org/apache/maven/resolver/maven-resolver-api/1.6.3/maven-resolver-api-1.6.3.jar:/home/volodymyr/.m2/repository/org/apache/maven/resolver/maven-resolver-spi/1.6.3/maven-resolver-spi-1.6.3.jar:/home/volodymyr/.m2/repository/org/apache/maven/resolver/maven-resolver-util/1.6.3/maven-resolver-util-1.6.3.jar:/home/volodymyr/.m2/repository/org/eclipse/sisu/org.eclipse.sisu.inject/0.3.5/org.eclipse.sisu.inject-0.3.5.jar:/home/volodymyr/.m2/repository/com/google/inject/guice/4.2.2/guice-4.2.2-no_aop.jar:/home/volodymyr/.m2/repository/aopalliance/aopalliance/1.0/aopalliance-1.0.jar:/home/volodymyr/.m2/repository/com/google/guava/guava/25.1-android/guava-25.1-android.jar:/home/volodymyr/.m2/repository/org/checkerframework/checker-compat-qual/2.0.0/checker-compat-qual-2.0.0.jar:/home/volodymyr/.m2/repository/com/google/errorprone/error_prone_annotations/2.1.3/error_prone_annotations-2.1.3.jar:/home/volodymyr/.m2/repository/com/google/j2objc/j2objc-annotations/1.1/j2objc-annotations-1.1.jar:/home/volodymyr/.m2/repository/org/codehaus/mojo/animal-sniffer-annotations/1.14/animal-sniffer-annotations-1.14.jar:/home/volodymyr/.m2/repository/javax/inject/javax.inject/1/javax.inject-1.jar:/home/volodymyr/.m2/repository/org/codehaus/plexus/plexus-interpolation/1.26/plexus-interpolation-1.26.jar:/home/volodymyr/.m2/repository/org/apache/maven/shared/maven-shared-utils/3.3.4/maven-shared-utils-3.3.4.jar:/home/volodymyr/.m2/repository/org/apache/maven/doxia/doxia-core/1.10/doxia-core-1.10.jar:/home/volodymyr/.m2/repository/org/apache/httpcomponents/httpclient/4.5.13/httpclient-4.5.13.jar:/home/volodymyr/.m2/repository/org/apache/httpcomponents/httpcore/4.4.14/httpcore-4.4.14.jar:/home/volodymyr/.m2/repository/org/apache/maven/doxia/doxia-sink-api/1.10/doxia-sink-api-1.10.jar:/home/volodymyr/.m2/repository/org/apache/maven/doxia/doxia-decoration-model/1.10/doxia-decoration-model-1.10.jar:/home/volodymyr/.m2/repository/org/apache/maven/doxia/doxia-integration-tools/1.10/doxia-integration-tools-1.10.jar:/home/volodymyr/.m2/repository/commons-beanutils/commons-beanutils/1.9.4/commons-beanutils-1.9.4.jar:/home/volodymyr/.m2/repository/commons-chain/commons-chain/1.2/commons-chain-1.2.jar:/home/volodymyr/.m2/repository/commons-codec/commons-codec/1.15/commons-codec-1.15.jar:/home/volodymyr/.m2/repository/commons-collections/commons-collections/3.2.2/commons-collections-3.2.2.jar:/home/volodymyr/.m2/repository/commons-digester/commons-digester/2.1/commons-digester-2.1.jar:/home/volodymyr/.m2/repository/commons-io/commons-io/2.11.0/commons-io-2.11.0.jar:/home/volodymyr/.m2/repository/commons-lang/commons-lang/2.6/commons-lang-2.6.jar:/home/volodymyr/.m2/repository/org/apache/commons/commons-lang3/3.12.0/commons-lang3-3.12.0.jar:/home/volodymyr/.m2/repository/org/codehaus/plexus/plexus-container-default/2.1.0/plexus-container-default-2.1.0.jar:/home/volodymyr/.m2/repository/org/apache/xbean/xbean-reflect/3.7/xbean-reflect-3.7.jar:/home/volodymyr/.m2/repository/org/codehaus/plexus/plexus-resources/1.2.0/plexus-resources-1.2.0.jar:/home/volodymyr/.m2/repository/org/slf4j/slf4j-api/2.0.0-alpha5/slf4j-api-2.0.0-alpha5.jar:/home/volodymyr/.m2/repository/org/ow2/asm/asm/9.2/asm-9.2.jar:/home/volodymyr/.m2/repository/org/ow2/asm/asm-analysis/9.2/asm-analysis-9.2.jar:/home/volodymyr/.m2/repository/org/ow2/asm/asm-commons/9.2/asm-commons-9.2.jar:/home/volodymyr/.m2/repository/org/ow2/asm/asm-tree/9.2/asm-tree-9.2.jar:/home/volodymyr/.m2/repository/org/ow2/asm/asm-util/9.2/asm-util-9.2.jar:/home/volodymyr/.m2/repository/org/apache/maven/plugins/maven-site-plugin/3.12.1/maven-site-plugin-3.12.1.jar:/home/volodymyr/.m2/repository/org/apache/maven/reporting/maven-reporting-exec/1.6.0/maven-reporting-exec-1.6.0.jar:/home/volodymyr/.m2/repository/org/apache/maven/maven-archiver/3.5.2/maven-archiver-3.5.2.jar:/home/volodymyr/.m2/repository/org/apache/commons/commons-compress/1.20/commons-compress-1.20.jar:/home/volodymyr/.m2/repository/org/codehaus/plexus/plexus-archiver/4.2.7/plexus-archiver-4.2.7.jar:/home/volodymyr/.m2/repository/org/codehaus/plexus/plexus-io/3.2.0/plexus-io-3.2.0.jar:/home/volodymyr/.m2/repository/org/iq80/snappy/snappy/0.4/snappy-0.4.jar:/home/volodymyr/.m2/repository/org/tukaani/xz/1.9/xz-1.9.jar:/home/volodymyr/.m2/repository/org/codehaus/plexus/plexus-i18n/1.0-beta-10/plexus-i18n-1.0-beta-10.jar:/home/volodymyr/.m2/repository/org/apache/maven/doxia/doxia-module-xhtml/1.11.1/doxia-module-xhtml-1.11.1.jar:/home/volodymyr/.m2/repository/org/apache/maven/doxia/doxia-module-xhtml5/1.11.1/doxia-module-xhtml5-1.11.1.jar:/home/volodymyr/.m2/repository/org/apache/maven/doxia/doxia-module-apt/1.11.1/doxia-module-apt-1.11.1.jar:/home/volodymyr/.m2/repository/org/apache/maven/doxia/doxia-module-xdoc/1.11.1/doxia-module-xdoc-1.11.1.jar:/home/volodymyr/.m2/repository/org/apache/maven/doxia/doxia-module-fml/1.11.1/doxia-module-fml-1.11.1.jar:/home/volodymyr/.m2/repository/org/apache/maven/doxia/doxia-module-markdown/1.11.1/doxia-module-markdown-1.11.1.jar:/home/volodymyr/.m2/repository/com/vladsch/flexmark/flexmark-all/0.42.14/flexmark-all-0.42.14.jar:/home/volodymyr/.m2/repository/com/vladsch/flexmark/flexmark/0.42.14/flexmark-0.42.14.jar:/home/volodymyr/.m2/repository/com/vladsch/flexmark/flexmark-ext-abbreviation/0.42.14/flexmark-ext-abbreviation-0.42.14.jar:/home/volodymyr/.m2/repository/com/vladsch/flexmark/flexmark-ext-admonition/0.42.14/flexmark-ext-admonition-0.42.14.jar:/home/volodymyr/.m2/repository/com/vladsch/flexmark/flexmark-ext-anchorlink/0.42.14/flexmark-ext-anchorlink-0.42.14.jar:/home/volodymyr/.m2/repository/com/vladsch/flexmark/flexmark-ext-aside/0.42.14/flexmark-ext-aside-0.42.14.jar:/home/volodymyr/.m2/repository/com/vladsch/flexmark/flexmark-ext-attributes/0.42.14/flexmark-ext-attributes-0.42.14.jar:/home/volodymyr/.m2/repository/com/vladsch/flexmark/flexmark-ext-autolink/0.42.14/flexmark-ext-autolink-0.42.14.jar:/home/volodymyr/.m2/repository/org/nibor/autolink/autolink/0.6.0/autolink-0.6.0.jar:/home/volodymyr/.m2/repository/com/vladsch/flexmark/flexmark-ext-definition/0.42.14/flexmark-ext-definition-0.42.14.jar:/home/volodymyr/.m2/repository/com/vladsch/flexmark/flexmark-ext-emoji/0.42.14/flexmark-ext-emoji-0.42.14.jar:/home/volodymyr/.m2/repository/com/vladsch/flexmark/flexmark-ext-enumerated-reference/0.42.14/flexmark-ext-enumerated-reference-0.42.14.jar:/home/volodymyr/.m2/repository/com/vladsch/flexmark/flexmark-ext-escaped-character/0.42.14/flexmark-ext-escaped-character-0.42.14.jar:/home/volodymyr/.m2/repository/com/vladsch/flexmark/flexmark-ext-footnotes/0.42.14/flexmark-ext-footnotes-0.42.14.jar:/home/volodymyr/.m2/repository/com/vladsch/flexmark/flexmark-ext-gfm-issues/0.42.14/flexmark-ext-gfm-issues-0.42.14.jar:/home/volodymyr/.m2/repository/com/vladsch/flexmark/flexmark-ext-gfm-strikethrough/0.42.14/flexmark-ext-gfm-strikethrough-0.42.14.jar:/home/volodymyr/.m2/repository/com/vladsch/flexmark/flexmark-ext-gfm-tables/0.42.14/flexmark-ext-gfm-tables-0.42.14.jar:/home/volodymyr/.m2/repository/com/vladsch/flexmark/flexmark-ext-gfm-tasklist/0.42.14/flexmark-ext-gfm-tasklist-0.42.14.jar:/home/volodymyr/.m2/repository/com/vladsch/flexmark/flexmark-ext-gfm-users/0.42.14/flexmark-ext-gfm-users-0.42.14.jar:/home/volodymyr/.m2/repository/com/vladsch/flexmark/flexmark-ext-gitlab/0.42.14/flexmark-ext-gitlab-0.42.14.jar:/home/volodymyr/.m2/repository/com/vladsch/flexmark/flexmark-ext-jekyll-front-matter/0.42.14/flexmark-ext-jekyll-front-matter-0.42.14.jar:/home/volodymyr/.m2/repository/com/vladsch/flexmark/flexmark-ext-jekyll-tag/0.42.14/flexmark-ext-jekyll-tag-0.42.14.jar:/home/volodymyr/.m2/repository/com/vladsch/flexmark/flexmark-ext-media-tags/0.42.14/flexmark-ext-media-tags-0.42.14.jar:/home/volodymyr/.m2/repository/com/vladsch/flexmark/flexmark-ext-macros/0.42.14/flexmark-ext-macros-0.42.14.jar:/home/volodymyr/.m2/repository/com/vladsch/flexmark/flexmark-ext-ins/0.42.14/flexmark-ext-ins-0.42.14.jar:/home/volodymyr/.m2/repository/com/vladsch/flexmark/flexmark-ext-xwiki-macros/0.42.14/flexmark-ext-xwiki-macros-0.42.14.jar:/home/volodymyr/.m2/repository/com/vladsch/flexmark/flexmark-ext-superscript/0.42.14/flexmark-ext-superscript-0.42.14.jar:/home/volodymyr/.m2/repository/com/vladsch/flexmark/flexmark-ext-tables/0.42.14/flexmark-ext-tables-0.42.14.jar:/home/volodymyr/.m2/repository/com/vladsch/flexmark/flexmark-ext-toc/0.42.14/flexmark-ext-toc-0.42.14.jar:/home/volodymyr/.m2/repository/com/vladsch/flexmark/flexmark-ext-typographic/0.42.14/flexmark-ext-typographic-0.42.14.jar:/home/volodymyr/.m2/repository/com/vladsch/flexmark/flexmark-ext-wikilink/0.42.14/flexmark-ext-wikilink-0.42.14.jar:/home/volodymyr/.m2/repository/com/vladsch/flexmark/flexmark-ext-yaml-front-matter/0.42.14/flexmark-ext-yaml-front-matter-0.42.14.jar:/home/volodymyr/.m2/repository/com/vladsch/flexmark/flexmark-ext-youtube-embedded/0.42.14/flexmark-ext-youtube-embedded-0.42.14.jar:/home/volodymyr/.m2/repository/com/vladsch/flexmark/flexmark-formatter/0.42.14/flexmark-formatter-0.42.14.jar:/home/volodymyr/.m2/repository/com/vladsch/flexmark/flexmark-html-parser/0.42.14/flexmark-html-parser-0.42.14.jar:/home/volodymyr/.m2/repository/org/jsoup/jsoup/1.10.2/jsoup-1.10.2.jar:/home/volodymyr/.m2/repository/com/vladsch/flexmark/flexmark-jira-converter/0.42.14/flexmark-jira-converter-0.42.14.jar:/home/volodymyr/.m2/repository/com/vladsch/flexmark/flexmark-profile-pegdown/0.42.14/flexmark-profile-pegdown-0.42.14.jar:/home/volodymyr/.m2/repository/com/vladsch/flexmark/flexmark-util/0.42.14/flexmark-util-0.42.14.jar:/home/volodymyr/.m2/repository/com/vladsch/flexmark/flexmark-youtrack-converter/0.42.14/flexmark-youtrack-converter-0.42.14.jar:/home/volodymyr/.m2/repository/org/apache/maven/doxia/doxia-module-confluence/1.11.1/doxia-module-confluence-1.11.1.jar:/home/volodymyr/.m2/repository/org/apache/maven/doxia/doxia-module-docbook-simple/1.11.1/doxia-module-docbook-simple-1.11.1.jar:/home/volodymyr/.m2/repository/org/apache/maven/doxia/doxia-module-twiki/1.11.1/doxia-module-twiki-1.11.1.jar:/home/volodymyr/.m2/repository/org/eclipse/jetty/jetty-server/9.4.46.v20220331/jetty-server-9.4.46.v20220331.jar:/home/volodymyr/.m2/repository/javax/servlet/javax.servlet-api/3.1.0/javax.servlet-api-3.1.0.jar:/home/volodymyr/.m2/repository/org/eclipse/jetty/jetty-http/9.4.46.v20220331/jetty-http-9.4.46.v20220331.jar:/home/volodymyr/.m2/repository/org/eclipse/jetty/jetty-io/9.4.46.v20220331/jetty-io-9.4.46.v20220331.jar:/home/volodymyr/.m2/repository/org/eclipse/jetty/jetty-servlet/9.4.46.v20220331/jetty-servlet-9.4.46.v20220331.jar:/home/volodymyr/.m2/repository/org/eclipse/jetty/jetty-security/9.4.46.v20220331/jetty-security-9.4.46.v20220331.jar:/home/volodymyr/.m2/repository/org/eclipse/jetty/jetty-util-ajax/9.4.46.v20220331/jetty-util-ajax-9.4.46.v20220331.jar:/home/volodymyr/.m2/repository/org/eclipse/jetty/jetty-webapp/9.4.46.v20220331/jetty-webapp-9.4.46.v20220331.jar:/home/volodymyr/.m2/repository/org/eclipse/jetty/jetty-xml/9.4.46.v20220331/jetty-xml-9.4.46.v20220331.jar:/home/volodymyr/.m2/repository/org/eclipse/jetty/jetty-util/9.4.46.v20220331/jetty-util-9.4.46.v20220331.jar:/home/volodymyr/.m2/repository/org/apache/maven/doxia/doxia-site-renderer/1.8.1/doxia-site-renderer-1.8.1.jar:/home/volodymyr/.m2/repository/org/apache/maven/doxia/doxia-logging-api/1.8/doxia-logging-api-1.8.jar:/home/volodymyr/.m2/repository/org/apache/maven/doxia/doxia-skin-model/1.8.1/doxia-skin-model-1.8.1.jar:/home/volodymyr/.m2/repository/org/codehaus/plexus/plexus-component-annotations/1.6/plexus-component-annotations-1.6.jar:/home/volodymyr/.m2/repository/org/codehaus/plexus/plexus-velocity/1.2/plexus-velocity-1.2.jar:/home/volodymyr/.m2/repository/org/apache/velocity/velocity/1.7/velocity-1.7.jar:/home/volodymyr/.m2/repository/org/apache/velocity/velocity-tools/2.0/velocity-tools-2.0.jar:/home/volodymyr/.m2/repository/commons-logging/commons-logging/1.1/commons-logging-1.1.jar:/home/volodymyr/.m2/repository/javax/servlet/servlet-api/2.3/servlet-api-2.3.jar:/home/volodymyr/.m2/repository/commons-validator/commons-validator/1.3.1/commons-validator-1.3.1.jar:/home/volodymyr/.m2/repository/dom4j/dom4j/1.1/dom4j-1.1.jar:/home/volodymyr/.m2/repository/oro/oro/2.0.8/oro-2.0.8.jar:/home/volodymyr/.m2/repository/sslext/sslext/1.2-0/sslext-1.2-0.jar:/home/volodymyr/.m2/repository/org/apache/struts/struts-core/1.3.8/struts-core-1.3.8.jar:/home/volodymyr/.m2/repository/antlr/antlr/2.7.2/antlr-2.7.2.jar:/home/volodymyr/.m2/repository/org/apache/struts/struts-taglib/1.3.8/struts-taglib-1.3.8.jar:/home/volodymyr/.m2/repository/org/apache/struts/struts-tiles/1.3.8/struts-tiles-1.3.8.jar:"/>
    <property name="sun.cpu.endian" value="little"/>
    <property name="user.home" value="/home/volodymyr"/>
    <property name="user.language" value="en"/>
    <property name="java.specification.vendor" value="Oracle Corporation"/>
    <property name="java.version.date" value="2023-01-17"/>
    <property name="java.home" value="/usr/lib/jvm/java-17-openjdk-amd64"/>
    <property name="file.separator" value="/"/>
    <property name="basedir" value="/home/volodymyr/javaLearning/Java project/work"/>
    <property name="java.vm.compressedOopsMode" value="32-bit"/>
    <property name="line.separator" value="&#10;"/>
    <property name="java.vm.specification.vendor" value="Oracle Corporation"/>
    <property name="java.specification.name" value="Java Platform API Specification"/>
    <property name="surefire.real.class.path" value="/home/volodymyr/javaLearning/Java project/work/target/surefire/surefirebooter8010893680003019532.jar"/>
    <property name="sun.management.compiler" value="HotSpot 64-Bit Tiered Compilers"/>
    <property name="java.runtime.version" value="17.0.6+10-Ubuntu-0ubuntu122.04"/>
    <property name="user.name" value="volodymyr"/>
    <property name="path.separator" value=":"/>
    <property name="os.version" value="5.19.0-41-generic"/>
    <property name="java.runtime.name" value="OpenJDK Runtime Environment"/>
    <property name="file.encoding" value="UTF-8"/>
    <property name="java.vm.name" value="OpenJDK 64-Bit Server VM"/>
    <property name="localRepository" value="/home/volodymyr/.m2/repository"/>
    <property name="java.vendor.url.bug" value="Unknown"/>
    <property name="java.io.tmpdir" value="/tmp"/>
    <property name="java.version" value="17.0.6"/>
    <property name="user.dir" value="/home/volodymyr/javaLearning/Java project/work"/>
    <property name="os.arch" value="amd64"/>
    <property name="java.vm.specification.name" value="Java Virtual Machine Specification"/>
    <property name="native.encoding" value="UTF-8"/>
    <property name="java.library.path" value="/usr/java/packages/lib:/usr/lib/x86_64-linux-gnu/jni:/lib/x86_64-linux-gnu:/usr/lib/x86_64-linux-gnu:/usr/lib/jni:/lib:/usr/lib"/>
    <property name="java.vm.info" value="mixed mode, sharing"/>
    <property name="java.vendor" value="Private Build"/>
    <property name="java.vm.version" value="17.0.6+10-Ubuntu-0ubuntu122.04"/>
    <property name="sun.io.unicode.encoding" value="UnicodeLittle"/>
    <property name="java.class.version" value="61.0"/>
  </properties>
  <testcase name="testRemoveExclamatorySentencesWithNotEnoughWords" classname="ua.lviv.iot.Lab5Test" time="0.119"/>
  <testcase name="testRemoveExclamatorySentencesWithNoExclamations" classname="ua.lviv.iot.Lab5Test" time="0.007"/>
  <testcase name="testRemoveExclamatorySentences" classname="ua.lviv.iot.Lab5Test" time="0.003"/>
  <testcase name="testRemoveExclamatorySentencesWithNullInput" classname="ua.lviv.iot.Lab5Test" time="0.005"/>
  <testcase name="testRemoveExclamatorySentencesWithEmptyInput" classname="ua.lviv.iot.Lab5Test" time="0.005"/>
</testsuite>